<?xml version="1.0" encoding="UTF-8"?>
<!-- Generated by org.testng.reporters.JUnitReportReporter -->
<testsuite ignored="0" hostname="LAPTOP-PPH753GQ" failures="0" tests="7" name="LoginPrecertificacionBloqueo.precertificacionPerfil4" time="59.993" errors="0" timestamp="27 jul. 2021 20:02:27 GMT" skipped="0">
  <testcase classname="LoginPrecertificacionBloqueo.precertificacionPerfil4" name="ingresarClaveNuevaSinParametros" time="8.635"/>
  <testcase classname="LoginPrecertificacionBloqueo.precertificacionPerfil4" name="ingresarClavePrivadaSinParametros" time="12.310"/>
  <testcase classname="LoginPrecertificacionBloqueo.precertificacionPerfil4" name="ingresarClavesNuevasDiferentes" time="8.105"/>
  <testcase classname="LoginPrecertificacionBloqueo.precertificacionPerfil4" name="precertificacion4HP" time="3.698"/>
  <testcase classname="LoginPrecertificacionBloqueo.precertificacionPerfil4" name="ingresarClaveActualIncorrecta" time="11.501"/>
  <testcase classname="LoginPrecertificacionBloqueo.precertificacionPerfil4" name="dejarCamposVacios" time="8.419"/>
  <testcase classname="LoginPrecertificacionBloqueo.precertificacionPerfil4" name="ingresarClavesDeLlavePrivadaDiferentes" time="7.325"/>
</testsuite> <!-- LoginPrecertificacionBloqueo.precertificacionPerfil4 -->
