<?xml version="1.0" encoding="UTF-8"?>
<!-- Generated by org.testng.reporters.JUnitReportReporter -->
<testsuite ignored="7" hostname="LAPTOP-PPH753GQ" failures="0" tests="1" name="VerticalSeguriSign.PortalFirma.LoginHP" time="30.430" errors="0" timestamp="21 jul. 2021 18:44:03 GMT" skipped="0">
  <testcase classname="VerticalSeguriSign.PortalFirma.LoginHP" name="IniciarSesionInvitadoHP" time="30.430"/>
  <testcase classname="VerticalSeguriSign.PortalFirma.LoginHP" name="ingresarClaveIncorrecta">
    <skipped/>
  </testcase> <!-- ingresarClaveIncorrecta -->
  <testcase classname="VerticalSeguriSign.PortalFirma.LoginHP" name="sinIngresarUsuario">
    <skipped/>
  </testcase> <!-- sinIngresarUsuario -->
  <testcase classname="VerticalSeguriSign.PortalFirma.LoginHP" name="IniciarSesionHP">
    <skipped/>
  </testcase> <!-- IniciarSesionHP -->
  <testcase classname="VerticalSeguriSign.PortalFirma.LoginHP" name="IngresarUsuarioRevocado">
    <skipped/>
  </testcase> <!-- IngresarUsuarioRevocado -->
  <testcase classname="VerticalSeguriSign.PortalFirma.LoginHP" name="IngresarUsuarioIncorrecto">
    <skipped/>
  </testcase> <!-- IngresarUsuarioIncorrecto -->
  <testcase classname="VerticalSeguriSign.PortalFirma.LoginHP" name="sinIngresarClave">
    <skipped/>
  </testcase> <!-- sinIngresarClave -->
  <testcase classname="VerticalSeguriSign.PortalFirma.LoginHP" name="IngresarUsuarioBloqueado">
    <skipped/>
  </testcase> <!-- IngresarUsuarioBloqueado -->
</testsuite> <!-- VerticalSeguriSign.PortalFirma.LoginHP -->
