<?xml version="1.0" encoding="UTF-8"?>
<!-- Generated by org.testng.reporters.JUnitReportReporter -->
<testsuite ignored="0" hostname="LAPTOP-PPH753GQ" failures="0" tests="1" name="DocumentosPendientes.Firmar6Firmantes" time="0.003" errors="0" timestamp="03 ago. 2021 15:29:05 GMT" skipped="1">
  <testcase classname="DocumentosPendientes.Firmar6Firmantes" name="FirmarDoc" time="0.003">
    <skipped/>
  </testcase> <!-- FirmarDoc -->
</testsuite> <!-- DocumentosPendientes.Firmar6Firmantes -->
