<?xml version="1.0" encoding="UTF-8"?>
<!-- Generated by org.testng.reporters.JUnitReportReporter -->
<testsuite ignored="6" hostname="LAPTOP-PPH753GQ" failures="0" tests="1" name="VerticalSeguriSign.PortalFirma.precertificacionPerfil4" time="10.011" errors="0" timestamp="20 jul. 2021 14:57:23 GMT" skipped="0">
  <testcase classname="VerticalSeguriSign.PortalFirma.precertificacionPerfil4" name="precertificacion4HP" time="10.011"/>
  <testcase classname="VerticalSeguriSign.PortalFirma.precertificacionPerfil4" name="ingresarClavesNuevasDiferentes">
    <skipped/>
  </testcase> <!-- ingresarClavesNuevasDiferentes -->
  <testcase classname="VerticalSeguriSign.PortalFirma.precertificacionPerfil4" name="ingresarClaveActualIncorrecta">
    <skipped/>
  </testcase> <!-- ingresarClaveActualIncorrecta -->
  <testcase classname="VerticalSeguriSign.PortalFirma.precertificacionPerfil4" name="ingresarClavePrivadaSinParametros">
    <skipped/>
  </testcase> <!-- ingresarClavePrivadaSinParametros -->
  <testcase classname="VerticalSeguriSign.PortalFirma.precertificacionPerfil4" name="ingresarClaveNuevaSinParametros">
    <skipped/>
  </testcase> <!-- ingresarClaveNuevaSinParametros -->
  <testcase classname="VerticalSeguriSign.PortalFirma.precertificacionPerfil4" name="ingresarClavesDeLlavePrivadaDiferentes">
    <skipped/>
  </testcase> <!-- ingresarClavesDeLlavePrivadaDiferentes -->
  <testcase classname="VerticalSeguriSign.PortalFirma.precertificacionPerfil4" name="dejarCamposVacios">
    <skipped/>
  </testcase> <!-- dejarCamposVacios -->
</testsuite> <!-- VerticalSeguriSign.PortalFirma.precertificacionPerfil4 -->
