<?xml version="1.0" encoding="UTF-8"?>
<!-- Generated by org.testng.reporters.JUnitReportReporter -->
<testsuite ignored="6" hostname="LAPTOP-PPH753GQ" failures="0" tests="1" name="VerticalSeguriSign.PortalFirma.precertificacionPerfil9" time="12.943" errors="0" timestamp="19 jul. 2021 18:37:27 GMT" skipped="0">
  <testcase classname="VerticalSeguriSign.PortalFirma.precertificacionPerfil9" name="CertificadoYaRegistrado" time="12.943"/>
  <testcase classname="VerticalSeguriSign.PortalFirma.precertificacionPerfil9" name="dejarCamposVacios">
    <skipped/>
  </testcase> <!-- dejarCamposVacios -->
  <testcase classname="VerticalSeguriSign.PortalFirma.precertificacionPerfil9" name="clavesActualIncorrecta">
    <skipped/>
  </testcase> <!-- clavesActualIncorrecta -->
  <testcase classname="VerticalSeguriSign.PortalFirma.precertificacionPerfil9" name="clavesQueNoCumplanParametros">
    <skipped/>
  </testcase> <!-- clavesQueNoCumplanParametros -->
  <testcase classname="VerticalSeguriSign.PortalFirma.precertificacionPerfil9" name="precertificacion9HP">
    <skipped/>
  </testcase> <!-- precertificacion9HP -->
  <testcase classname="VerticalSeguriSign.PortalFirma.precertificacionPerfil9" name="clavesNuevasDiferentes">
    <skipped/>
  </testcase> <!-- clavesNuevasDiferentes -->
  <testcase classname="VerticalSeguriSign.PortalFirma.precertificacionPerfil9" name="KeyEnLugarDeCertificado">
    <skipped/>
  </testcase> <!-- KeyEnLugarDeCertificado -->
</testsuite> <!-- VerticalSeguriSign.PortalFirma.precertificacionPerfil9 -->
