<?xml version="1.0" encoding="UTF-8"?>
<!-- Generated by org.testng.reporters.JUnitReportReporter -->
<testsuite ignored="0" hostname="LAPTOP-PPH753GQ" failures="0" tests="5" name="DocumentosPendientes.FirmaPerfil8" time="0.010" errors="0" timestamp="03 ago. 2021 15:29:05 GMT" skipped="5">
  <testcase classname="DocumentosPendientes.FirmaPerfil8" name="FirmaPerfil8HP" time="0.001">
    <skipped/>
  </testcase> <!-- FirmaPerfil8HP -->
  <testcase classname="DocumentosPendientes.FirmaPerfil8" name="sinIngresarEmail" time="0.001">
    <skipped/>
  </testcase> <!-- sinIngresarEmail -->
  <testcase classname="DocumentosPendientes.FirmaPerfil8" name="ingresarEmailIncorrecto" time="0.006">
    <skipped/>
  </testcase> <!-- ingresarEmailIncorrecto -->
  <testcase classname="DocumentosPendientes.FirmaPerfil8" name="ingresarEmailInvalido" time="0.001">
    <skipped/>
  </testcase> <!-- ingresarEmailInvalido -->
  <testcase classname="DocumentosPendientes.FirmaPerfil8" name="firmarConEmailHP" time="0.001">
    <skipped/>
  </testcase> <!-- firmarConEmailHP -->
</testsuite> <!-- DocumentosPendientes.FirmaPerfil8 -->
