<?xml version="1.0" encoding="UTF-8"?>
<!-- Generated by org.testng.reporters.JUnitReportReporter -->
<testsuite ignored="2" hostname="LAPTOP-PPH753GQ" failures="0" tests="1" name="SubirDocumentos.PruebaConDocumentoEscaneado" time="92.446" errors="0" timestamp="21 jul. 2021 19:54:27 GMT" skipped="0">
  <testcase classname="SubirDocumentos.PruebaConDocumentoEscaneado" name="FirmanteLlavesExternas" time="92.446"/>
  <testcase classname="SubirDocumentos.PruebaConDocumentoEscaneado" name="FirmaDeDocumento12Firmantes">
    <skipped/>
  </testcase> <!-- FirmaDeDocumento12Firmantes -->
  <testcase classname="SubirDocumentos.PruebaConDocumentoEscaneado" name="Flujo12FirmantesConDocumentoEscaneado">
    <skipped/>
  </testcase> <!-- Flujo12FirmantesConDocumentoEscaneado -->
</testsuite> <!-- SubirDocumentos.PruebaConDocumentoEscaneado -->
