<?xml version="1.0" encoding="UTF-8"?>
<!-- Generated by org.testng.reporters.JUnitReportReporter -->
<testsuite ignored="0" hostname="LAPTOP-PPH753GQ" failures="0" tests="7" name="DocumentosPendientes.FirmaPerfil9" time="0.007" errors="0" timestamp="03 ago. 2021 15:29:05 GMT" skipped="7">
  <testcase classname="DocumentosPendientes.FirmaPerfil9" name="sinIngresarEmail" time="0.001">
    <skipped/>
  </testcase> <!-- sinIngresarEmail -->
  <testcase classname="DocumentosPendientes.FirmaPerfil9" name="ingresarEmailInvalido" time="0.000">
    <skipped/>
  </testcase> <!-- ingresarEmailInvalido -->
  <testcase classname="DocumentosPendientes.FirmaPerfil9" name="ingresarClaveIncorrecta" time="0.003">
    <skipped/>
  </testcase> <!-- ingresarClaveIncorrecta -->
  <testcase classname="DocumentosPendientes.FirmaPerfil9" name="sinIngresarClave" time="0.000">
    <skipped/>
  </testcase> <!-- sinIngresarClave -->
  <testcase classname="DocumentosPendientes.FirmaPerfil9" name="IngresarArchivosDiferentes" time="0.001">
    <skipped/>
  </testcase> <!-- IngresarArchivosDiferentes -->
  <testcase classname="DocumentosPendientes.FirmaPerfil9" name="firmarConEmailHP" time="0.002">
    <skipped/>
  </testcase> <!-- firmarConEmailHP -->
  <testcase classname="DocumentosPendientes.FirmaPerfil9" name="FirmaPerfil9HP" time="0.000">
    <skipped/>
  </testcase> <!-- FirmaPerfil9HP -->
</testsuite> <!-- DocumentosPendientes.FirmaPerfil9 -->
