<?xml version="1.0" encoding="UTF-8"?>
<!-- Generated by org.testng.reporters.JUnitReportReporter -->
<testsuite ignored="0" hostname="LAPTOP-PPH753GQ" failures="0" tests="6" name="VerticalSeguriSign.PortalFirma.PrecertificacionP8" time="47.830" errors="0" timestamp="12 jul. 2021 16:42:22 GMT" skipped="0">
  <testcase classname="VerticalSeguriSign.PortalFirma.PrecertificacionP8" name="clavesNuevasDferentes" time="9.017"/>
  <testcase classname="VerticalSeguriSign.PortalFirma.PrecertificacionP8" name="claveActualIncorrecta" time="9.492"/>
  <testcase classname="VerticalSeguriSign.PortalFirma.PrecertificacionP8" name="dejarCamposVacios" time="8.310"/>
  <testcase classname="VerticalSeguriSign.PortalFirma.PrecertificacionP8" name="sinFirmaBiometrica" time="6.192"/>
  <testcase classname="VerticalSeguriSign.PortalFirma.PrecertificacionP8" name="precertificacion4HP" time="4.670"/>
  <testcase classname="VerticalSeguriSign.PortalFirma.PrecertificacionP8" name="ClaveQueNoCumplaParametros" time="10.149"/>
</testsuite> <!-- VerticalSeguriSign.PortalFirma.PrecertificacionP8 -->
