<?xml version="1.0" encoding="UTF-8"?>
<!-- Generated by org.testng.reporters.JUnitReportReporter -->
<testsuite ignored="2" hostname="LAPTOP-PPH753GQ" failures="0" tests="5" name="LoginPrecertificacionBloqueo.precertificacionPerfil9" time="36.221" errors="0" timestamp="27 jul. 2021 20:03:40 GMT" skipped="0">
  <testcase classname="LoginPrecertificacionBloqueo.precertificacionPerfil9" name="dejarCamposVacios" time="7.502"/>
  <testcase classname="LoginPrecertificacionBloqueo.precertificacionPerfil9" name="clavesQueNoCumplanParametros" time="8.804"/>
  <testcase classname="LoginPrecertificacionBloqueo.precertificacionPerfil9" name="clavesActualIncorrecta" time="9.793"/>
  <testcase classname="LoginPrecertificacionBloqueo.precertificacionPerfil9" name="clavesNuevasDiferentes" time="7.327"/>
  <testcase classname="LoginPrecertificacionBloqueo.precertificacionPerfil9" name="precertificacion9HP" time="2.795"/>
  <testcase classname="LoginPrecertificacionBloqueo.precertificacionPerfil9" name="KeyEnLugarDeCertificado">
    <skipped/>
  </testcase> <!-- KeyEnLugarDeCertificado -->
  <testcase classname="LoginPrecertificacionBloqueo.precertificacionPerfil9" name="CertificadoYaRegistrado">
    <skipped/>
  </testcase> <!-- CertificadoYaRegistrado -->
</testsuite> <!-- LoginPrecertificacionBloqueo.precertificacionPerfil9 -->
