<?xml version="1.0" encoding="UTF-8"?>
<!-- Generated by org.testng.reporters.JUnitReportReporter -->
<testsuite ignored="0" hostname="LAPTOP-PPH753GQ" failures="0" tests="3" name="DocumentosCancelados.CancelarDocumentoHP" time="78.550" errors="0" timestamp="20 jul. 2021 02:07:49 GMT" skipped="0">
  <testcase classname="DocumentosCancelados.CancelarDocumentoHP" name="ingresarMotivoDeCancelacionConCaracteresEspeciales" time="16.892"/>
  <testcase classname="DocumentosCancelados.CancelarDocumentoHP" name="cancelarDocumentoHappyPath" time="33.282"/>
  <testcase classname="DocumentosCancelados.CancelarDocumentoHP" name="sinIngresarMotivoDeCancelacion" time="28.376"/>
</testsuite> <!-- DocumentosCancelados.CancelarDocumentoHP -->
