<?xml version="1.0" encoding="UTF-8"?>
<!-- Generated by org.testng.reporters.JUnitReportReporter -->
<testsuite ignored="2" hostname="LAPTOP-PPH753GQ" failures="0" tests="1" name="Invitados.agregarInvitadoP13" time="25.465" errors="0" timestamp="18 may. 2021 18:00:23 GMT" skipped="0">
  <testcase classname="Invitados.agregarInvitadoP13" name="FirmarDocInicidor8" time="25.465"/>
  <testcase classname="Invitados.agregarInvitadoP13" name="AgregarUsuarioInvitadoNuevo">
    <skipped/>
  </testcase> <!-- AgregarUsuarioInvitadoNuevo -->
  <testcase classname="Invitados.agregarInvitadoP13" name="AgregarOtroDoc8">
    <skipped/>
  </testcase> <!-- AgregarOtroDoc8 -->
</testsuite> <!-- Invitados.agregarInvitadoP13 -->
