<?xml version="1.0" encoding="UTF-8"?>
<!-- Generated by org.testng.reporters.JUnitReportReporter -->
<testsuite ignored="3" hostname="LAPTOP-PPH753GQ" failures="0" tests="1" name="VerticalSeguriSign.PortalFirma.BloqueoDesbloqueoDeCuenta" time="28.234" errors="0" timestamp="19 jul. 2021 19:07:59 GMT" skipped="0">
  <testcase classname="VerticalSeguriSign.PortalFirma.BloqueoDesbloqueoDeCuenta" name="VerCorreoEnYopmail" time="28.234"/>
  <testcase classname="VerticalSeguriSign.PortalFirma.BloqueoDesbloqueoDeCuenta" name="AgregarUsuarioEnPortalAgente">
    <skipped/>
  </testcase> <!-- AgregarUsuarioEnPortalAgente -->
  <testcase classname="VerticalSeguriSign.PortalFirma.BloqueoDesbloqueoDeCuenta" name="precertificarUsuario">
    <skipped/>
  </testcase> <!-- precertificarUsuario -->
  <testcase classname="VerticalSeguriSign.PortalFirma.BloqueoDesbloqueoDeCuenta" name="BloquearCuenta">
    <skipped/>
  </testcase> <!-- BloquearCuenta -->
</testsuite> <!-- VerticalSeguriSign.PortalFirma.BloqueoDesbloqueoDeCuenta -->
