<?xml version="1.0" encoding="UTF-8"?>
<!-- Generated by org.testng.reporters.JUnitReportReporter -->
<testsuite ignored="1" hostname="LAPTOP-PPH753GQ" failures="0" tests="7" name="LoginPrecertificacionBloqueo.precertificacionPerfil13" time="49.406" errors="0" timestamp="27 jul. 2021 20:07:14 GMT" skipped="0">
  <testcase classname="LoginPrecertificacionBloqueo.precertificacionPerfil13" name="claveActualIncorrecta" time="7.137"/>
  <testcase classname="LoginPrecertificacionBloqueo.precertificacionPerfil13" name="certificadoyLlaveDeOtroUsuarioRegistrado" time="7.271"/>
  <testcase classname="LoginPrecertificacionBloqueo.precertificacionPerfil13" name="claveNuevaDiferente" time="6.470"/>
  <testcase classname="LoginPrecertificacionBloqueo.precertificacionPerfil13" name="claveNuevaSinParametros" time="7.355"/>
  <testcase classname="LoginPrecertificacionBloqueo.precertificacionPerfil13" name="dejarCamposVacios" time="6.293"/>
  <testcase classname="LoginPrecertificacionBloqueo.precertificacionPerfil13" name="clavePrivadaincorrecta" time="8.782"/>
  <testcase classname="LoginPrecertificacionBloqueo.precertificacionPerfil13" name="certificadoyLlaveDeDiferentesUsuarios" time="6.098"/>
  <testcase classname="LoginPrecertificacionBloqueo.precertificacionPerfil13" name="precertificacion13HP">
    <skipped/>
  </testcase> <!-- precertificacion13HP -->
</testsuite> <!-- LoginPrecertificacionBloqueo.precertificacionPerfil13 -->
