<?xml version="1.0" encoding="UTF-8"?>
<!-- Generated by org.testng.reporters.JUnitReportReporter -->
<testsuite ignored="2" hostname="LAPTOP-PPH753GQ" failures="0" tests="1" name="Invitados.FirmaUsuarioInvitado13" time="35.126" errors="0" timestamp="18 may. 2021 18:27:35 GMT" skipped="0">
  <testcase classname="Invitados.FirmaUsuarioInvitado13" name="ValidarQueSubaDocPerfil9" time="35.126"/>
  <testcase classname="Invitados.FirmaUsuarioInvitado13" name="PrecertificarInvitado9">
    <skipped/>
  </testcase> <!-- PrecertificarInvitado9 -->
  <testcase classname="Invitados.FirmaUsuarioInvitado13" name="FirmarDocUsuarioInvitado9">
    <skipped/>
  </testcase> <!-- FirmarDocUsuarioInvitado9 -->
</testsuite> <!-- Invitados.FirmaUsuarioInvitado13 -->
