<?xml version="1.0" encoding="UTF-8"?>
<!-- Generated by org.testng.reporters.JUnitReportReporter -->
<testsuite ignored="0" hostname="LAPTOP-PPH753GQ" failures="0" tests="10" name="DocumentosPendientes.DocumentosconErrores" time="0.017" errors="0" timestamp="03 ago. 2021 15:29:05 GMT" skipped="10">
  <testcase classname="DocumentosPendientes.DocumentosconErrores" name="FirmarDocumento6" time="0.002">
    <skipped/>
  </testcase> <!-- FirmarDocumento6 -->
  <testcase classname="DocumentosPendientes.DocumentosconErrores" name="FirmarDocumento10" time="0.001">
    <skipped/>
  </testcase> <!-- FirmarDocumento10 -->
  <testcase classname="DocumentosPendientes.DocumentosconErrores" name="FirmarDocumento7" time="0.001">
    <skipped/>
  </testcase> <!-- FirmarDocumento7 -->
  <testcase classname="DocumentosPendientes.DocumentosconErrores" name="FirmarDocumento9" time="0.000">
    <skipped/>
  </testcase> <!-- FirmarDocumento9 -->
  <testcase classname="DocumentosPendientes.DocumentosconErrores" name="FirmarDocumento1" time="0.002">
    <skipped/>
  </testcase> <!-- FirmarDocumento1 -->
  <testcase classname="DocumentosPendientes.DocumentosconErrores" name="FirmarDocumento4" time="0.001">
    <skipped/>
  </testcase> <!-- FirmarDocumento4 -->
  <testcase classname="DocumentosPendientes.DocumentosconErrores" name="FirmarDocumento5" time="0.001">
    <skipped/>
  </testcase> <!-- FirmarDocumento5 -->
  <testcase classname="DocumentosPendientes.DocumentosconErrores" name="FirmarDocumento8" time="0.005">
    <skipped/>
  </testcase> <!-- FirmarDocumento8 -->
  <testcase classname="DocumentosPendientes.DocumentosconErrores" name="FirmarDocumento2" time="0.002">
    <skipped/>
  </testcase> <!-- FirmarDocumento2 -->
  <testcase classname="DocumentosPendientes.DocumentosconErrores" name="FirmarDocumento3" time="0.002">
    <skipped/>
  </testcase> <!-- FirmarDocumento3 -->
</testsuite> <!-- DocumentosPendientes.DocumentosconErrores -->
