<?xml version="1.0" encoding="UTF-8"?>
<!-- Generated by org.testng.reporters.JUnitReportReporter -->
<testsuite ignored="6" hostname="LAPTOP-PPH753GQ" failures="0" tests="1" name="LoginPrecertificacionBloqueo.DesbloqueoDeCuenta" time="9.233" errors="0" timestamp="27 jul. 2021 20:15:31 GMT" skipped="0">
  <testcase classname="LoginPrecertificacionBloqueo.DesbloqueoDeCuenta" name="iniciarSesionDespuesDesbloquear" time="9.233"/>
  <testcase classname="LoginPrecertificacionBloqueo.DesbloqueoDeCuenta" name="SinIngresarClaves">
    <skipped/>
  </testcase> <!-- SinIngresarClaves -->
  <testcase classname="LoginPrecertificacionBloqueo.DesbloqueoDeCuenta" name="DesbloquearCuentaHappyPath">
    <skipped/>
  </testcase> <!-- DesbloquearCuentaHappyPath -->
  <testcase classname="LoginPrecertificacionBloqueo.DesbloqueoDeCuenta" name="IngresarClavesNuevasDentroDelHistorial">
    <skipped/>
  </testcase> <!-- IngresarClavesNuevasDentroDelHistorial -->
  <testcase classname="LoginPrecertificacionBloqueo.DesbloqueoDeCuenta" name="IngresarClavesNuevasDiferentes">
    <skipped/>
  </testcase> <!-- IngresarClavesNuevasDiferentes -->
  <testcase classname="LoginPrecertificacionBloqueo.DesbloqueoDeCuenta" name="IngresarClaveTemporalIncorrecta">
    <skipped/>
  </testcase> <!-- IngresarClaveTemporalIncorrecta -->
  <testcase classname="LoginPrecertificacionBloqueo.DesbloqueoDeCuenta" name="IngresarClavesNuevasSinParametrosMinimos">
    <skipped/>
  </testcase> <!-- IngresarClavesNuevasSinParametrosMinimos -->
</testsuite> <!-- LoginPrecertificacionBloqueo.DesbloqueoDeCuenta -->
