<?xml version="1.0" encoding="UTF-8"?>
<!-- Generated by org.testng.reporters.JUnitReportReporter -->
<testsuite ignored="0" hostname="LAPTOP-PPH753GQ" failures="0" tests="3" name="Invitados.FirmaUsuarioInvitado9" time="71.121" errors="0" timestamp="18 may. 2021 19:30:28 GMT" skipped="0">
  <testcase classname="Invitados.FirmaUsuarioInvitado9" name="ValidarQueSubaDocPerfil9" time="34.039"/>
  <testcase classname="Invitados.FirmaUsuarioInvitado9" name="PrecertificarInvitado9" time="7.142"/>
  <testcase classname="Invitados.FirmaUsuarioInvitado9" name="FirmarDocUsuarioInvitado9" time="29.940"/>
</testsuite> <!-- Invitados.FirmaUsuarioInvitado9 -->
