<?xml version="1.0" encoding="UTF-8"?>
<!-- Generated by org.testng.reporters.JUnitReportReporter -->
<testsuite ignored="7" hostname="LAPTOP-PPH753GQ" failures="0" tests="1" name="LoginPrecertificacionBloqueo.LoginHP" time="5.310" errors="0" timestamp="28 jul. 2021 22:34:01 GMT" skipped="0">
  <testcase classname="LoginPrecertificacionBloqueo.LoginHP" name="ingresarClaveIncorrecta" time="5.310"/>
  <testcase classname="LoginPrecertificacionBloqueo.LoginHP" name="IniciarSesionHP">
    <skipped/>
  </testcase> <!-- IniciarSesionHP -->
  <testcase classname="LoginPrecertificacionBloqueo.LoginHP" name="IniciarSesionInvitadoHP">
    <skipped/>
  </testcase> <!-- IniciarSesionInvitadoHP -->
  <testcase classname="LoginPrecertificacionBloqueo.LoginHP" name="IngresarUsuarioIncorrecto">
    <skipped/>
  </testcase> <!-- IngresarUsuarioIncorrecto -->
  <testcase classname="LoginPrecertificacionBloqueo.LoginHP" name="sinIngresarClave">
    <skipped/>
  </testcase> <!-- sinIngresarClave -->
  <testcase classname="LoginPrecertificacionBloqueo.LoginHP" name="sinIngresarUsuario">
    <skipped/>
  </testcase> <!-- sinIngresarUsuario -->
  <testcase classname="LoginPrecertificacionBloqueo.LoginHP" name="IngresarUsuarioBloqueado">
    <skipped/>
  </testcase> <!-- IngresarUsuarioBloqueado -->
  <testcase classname="LoginPrecertificacionBloqueo.LoginHP" name="IngresarUsuarioRevocado">
    <skipped/>
  </testcase> <!-- IngresarUsuarioRevocado -->
</testsuite> <!-- LoginPrecertificacionBloqueo.LoginHP -->
