<?xml version="1.0" encoding="UTF-8"?>
<!-- Generated by org.testng.reporters.JUnitReportReporter -->
<testsuite ignored="0" hostname="LAPTOP-PPH753GQ" failures="0" tests="7" name="DocumentosPendientes.FlujosDeFirma" time="0.017" errors="0" timestamp="03 ago. 2021 15:29:05 GMT" skipped="7">
  <testcase classname="DocumentosPendientes.FlujosDeFirma" name="dosFirmantesyObservador" time="0.002">
    <skipped/>
  </testcase> <!-- dosFirmantesyObservador -->
  <testcase classname="DocumentosPendientes.FlujosDeFirma" name="RLalInicio" time="0.001">
    <skipped/>
  </testcase> <!-- RLalInicio -->
  <testcase classname="DocumentosPendientes.FlujosDeFirma" name="flujoConcurrente" time="0.001">
    <skipped/>
  </testcase> <!-- flujoConcurrente -->
  <testcase classname="DocumentosPendientes.FlujosDeFirma" name="RLalFinal" time="0.002">
    <skipped/>
  </testcase> <!-- RLalFinal -->
  <testcase classname="DocumentosPendientes.FlujosDeFirma" name="Ruta_SinRL" time="0.001">
    <skipped/>
  </testcase> <!-- Ruta_SinRL -->
  <testcase classname="DocumentosPendientes.FlujosDeFirma" name="dosFirmantes" time="0.008">
    <skipped/>
  </testcase> <!-- dosFirmantes -->
  <testcase classname="DocumentosPendientes.FlujosDeFirma" name="firmaTodosPerfiles" time="0.002">
    <skipped/>
  </testcase> <!-- firmaTodosPerfiles -->
</testsuite> <!-- DocumentosPendientes.FlujosDeFirma -->
