<?xml version="1.0" encoding="UTF-8"?>
<!-- Generated by org.testng.reporters.JUnitReportReporter -->
<testsuite ignored="0" hostname="LAPTOP-PPH753GQ" failures="0" tests="6" name="DocumentosPendientes.FirmaPerfil4" time="0.014" errors="0" timestamp="03 ago. 2021 15:29:05 GMT" skipped="6">
  <testcase classname="DocumentosPendientes.FirmaPerfil4" name="FirmaPerfil4HP" time="0.001">
    <skipped/>
  </testcase> <!-- FirmaPerfil4HP -->
  <testcase classname="DocumentosPendientes.FirmaPerfil4" name="sinIngresarClave" time="0.006">
    <skipped/>
  </testcase> <!-- sinIngresarClave -->
  <testcase classname="DocumentosPendientes.FirmaPerfil4" name="sinIngresarEmail" time="0.003">
    <skipped/>
  </testcase> <!-- sinIngresarEmail -->
  <testcase classname="DocumentosPendientes.FirmaPerfil4" name="ingresarEmailInvalido" time="0.000">
    <skipped/>
  </testcase> <!-- ingresarEmailInvalido -->
  <testcase classname="DocumentosPendientes.FirmaPerfil4" name="firmarConEmailHP" time="0.001">
    <skipped/>
  </testcase> <!-- firmarConEmailHP -->
  <testcase classname="DocumentosPendientes.FirmaPerfil4" name="ingresarClaveIncorrecta" time="0.003">
    <skipped/>
  </testcase> <!-- ingresarClaveIncorrecta -->
</testsuite> <!-- DocumentosPendientes.FirmaPerfil4 -->
