<?xml version="1.0" encoding="UTF-8"?>
<!-- Generated by org.testng.reporters.JUnitReportReporter -->
<testsuite ignored="6" hostname="LAPTOP-PPH753GQ" failures="0" tests="1" name="VerticalSeguriSign.PortalFirma.precertificacionOK4" time="8.471" errors="0" timestamp="09 abr. 2021 20:31:35 GMT" skipped="0">
  <testcase classname="VerticalSeguriSign.PortalFirma.precertificacionOK4" name="ingresarClaveActualIncorrecta" time="8.471"/>
  <testcase classname="VerticalSeguriSign.PortalFirma.precertificacionOK4" name="ingresarClavePrivadaSinParametros">
    <skipped/>
  </testcase> <!-- ingresarClavePrivadaSinParametros -->
  <testcase classname="VerticalSeguriSign.PortalFirma.precertificacionOK4" name="precertificacion4HP">
    <skipped/>
  </testcase> <!-- precertificacion4HP -->
  <testcase classname="VerticalSeguriSign.PortalFirma.precertificacionOK4" name="ingresarClavesNuevasDiferentes">
    <skipped/>
  </testcase> <!-- ingresarClavesNuevasDiferentes -->
  <testcase classname="VerticalSeguriSign.PortalFirma.precertificacionOK4" name="ingresarClaveNuevaSinParametros">
    <skipped/>
  </testcase> <!-- ingresarClaveNuevaSinParametros -->
  <testcase classname="VerticalSeguriSign.PortalFirma.precertificacionOK4" name="ingresarClavesDeLlavePrivadaDiferentes">
    <skipped/>
  </testcase> <!-- ingresarClavesDeLlavePrivadaDiferentes -->
  <testcase classname="VerticalSeguriSign.PortalFirma.precertificacionOK4" name="dejarCamposVacios">
    <skipped/>
  </testcase> <!-- dejarCamposVacios -->
</testsuite> <!-- VerticalSeguriSign.PortalFirma.precertificacionOK4 -->
