<?xml version="1.0" encoding="UTF-8"?>
<!-- Generated by org.testng.reporters.JUnitReportReporter -->
<testsuite ignored="10" hostname="LAPTOP-PPH753GQ" failures="0" tests="1" name="SubirDocumentos.SubirArchivoHP" time="26.112" errors="0" timestamp="21 jul. 2021 20:09:35 GMT" skipped="0">
  <testcase classname="SubirDocumentos.SubirArchivoHP" name="cargaMasivaLimiteDocumentosYEliminar" time="26.112"/>
  <testcase classname="SubirDocumentos.SubirArchivoHP" name="subirArchivoPreviamenteFirmado">
    <skipped/>
  </testcase> <!-- subirArchivoPreviamenteFirmado -->
  <testcase classname="SubirDocumentos.SubirArchivoHP" name="subirArchivoHappyPath">
    <skipped/>
  </testcase> <!-- subirArchivoHappyPath -->
  <testcase classname="SubirDocumentos.SubirArchivoHP" name="RLalInicioyFirmanteJaq">
    <skipped/>
  </testcase> <!-- RLalInicioyFirmanteJaq -->
  <testcase classname="SubirDocumentos.SubirArchivoHP" name="RLFinal">
    <skipped/>
  </testcase> <!-- RLFinal -->
  <testcase classname="SubirDocumentos.SubirArchivoHP" name="sinRLsoloFirmanteJaq">
    <skipped/>
  </testcase> <!-- sinRLsoloFirmanteJaq -->
  <testcase classname="SubirDocumentos.SubirArchivoHP" name="RLInicio">
    <skipped/>
  </testcase> <!-- RLInicio -->
  <testcase classname="SubirDocumentos.SubirArchivoHP" name="RLalFinalyFirmanteJaq">
    <skipped/>
  </testcase> <!-- RLalFinalyFirmanteJaq -->
  <testcase classname="SubirDocumentos.SubirArchivoHP" name="ArchivoDiferenteaPDF">
    <skipped/>
  </testcase> <!-- ArchivoDiferenteaPDF -->
  <testcase classname="SubirDocumentos.SubirArchivoHP" name="firmaConcurrente">
    <skipped/>
  </testcase> <!-- firmaConcurrente -->
  <testcase classname="SubirDocumentos.SubirArchivoHP" name="cargaMasivaTresDocumentos">
    <skipped/>
  </testcase> <!-- cargaMasivaTresDocumentos -->
</testsuite> <!-- SubirDocumentos.SubirArchivoHP -->
