<?xml version="1.0" encoding="UTF-8"?>
<!-- Generated by org.testng.reporters.JUnitReportReporter -->
<testsuite ignored="5" hostname="LAPTOP-PPH753GQ" failures="0" tests="1" name="Invitados.EliminarInvitado" time="24.128" errors="0" timestamp="22 jul. 2021 00:16:02 GMT" skipped="0">
  <testcase classname="Invitados.EliminarInvitado" name="ValidarQUEAunNoConcluyaDocumento" time="24.128"/>
  <testcase classname="Invitados.EliminarInvitado" name="EliminarDespuesDequeYaSeFirmo">
    <skipped/>
  </testcase> <!-- EliminarDespuesDequeYaSeFirmo -->
  <testcase classname="Invitados.EliminarInvitado" name="PrimeroFirmarYLuegoEliminar">
    <skipped/>
  </testcase> <!-- PrimeroFirmarYLuegoEliminar -->
  <testcase classname="Invitados.EliminarInvitado" name="AgregarInvitadoAEliminar">
    <skipped/>
  </testcase> <!-- AgregarInvitadoAEliminar -->
  <testcase classname="Invitados.EliminarInvitado" name="EliminarUsuarioInvitadoAntesDeFirmar">
    <skipped/>
  </testcase> <!-- EliminarUsuarioInvitadoAntesDeFirmar -->
  <testcase classname="Invitados.EliminarInvitado" name="FirmaDocumentoDespuesDeEliminar">
    <skipped/>
  </testcase> <!-- FirmaDocumentoDespuesDeEliminar -->
</testsuite> <!-- Invitados.EliminarInvitado -->
