<?xml version="1.0" encoding="UTF-8"?>
<!-- Generated by org.testng.reporters.JUnitReportReporter -->
<testsuite ignored="0" hostname="LAPTOP-PPH753GQ" failures="0" tests="3" name="Invitados.agregarInvitadoP9" time="46.390" errors="0" timestamp="18 may. 2021 19:28:13 GMT" skipped="0">
  <testcase classname="Invitados.agregarInvitadoP9" name="FirmarDocInicidor9" time="14.496"/>
  <testcase classname="Invitados.agregarInvitadoP9" name="AgregarOtroDoc9" time="14.546"/>
  <testcase classname="Invitados.agregarInvitadoP9" name="AgregarUsuarioInvitadoP9Nuevo" time="17.348"/>
</testsuite> <!-- Invitados.agregarInvitadoP9 -->
