<?xml version="1.0" encoding="UTF-8"?>
<!-- Generated by org.testng.reporters.JUnitReportReporter -->
<testsuite ignored="5" hostname="LAPTOP-PPH753GQ" failures="0" tests="1" name="DocumentosCancelados.cancelarDocumentoPorPerfil" time="22.996" errors="0" timestamp="22 jul. 2021 15:10:26 GMT" skipped="0">
  <testcase classname="DocumentosCancelados.cancelarDocumentoPorPerfil" name="verDocumentoCanceladoPerfil4" time="22.996"/>
  <testcase classname="DocumentosCancelados.cancelarDocumentoPorPerfil" name="cancelarDocumentoPerfil9">
    <skipped/>
  </testcase> <!-- cancelarDocumentoPerfil9 -->
  <testcase classname="DocumentosCancelados.cancelarDocumentoPorPerfil" name="cancelarDocumentoPerfil14">
    <skipped/>
  </testcase> <!-- cancelarDocumentoPerfil14 -->
  <testcase classname="DocumentosCancelados.cancelarDocumentoPorPerfil" name="cancelarDocumentoPerfil4">
    <skipped/>
  </testcase> <!-- cancelarDocumentoPerfil4 -->
  <testcase classname="DocumentosCancelados.cancelarDocumentoPorPerfil" name="cancelarDocumentoPerfil8">
    <skipped/>
  </testcase> <!-- cancelarDocumentoPerfil8 -->
  <testcase classname="DocumentosCancelados.cancelarDocumentoPorPerfil" name="cancelarDocumentoPerfil13">
    <skipped/>
  </testcase> <!-- cancelarDocumentoPerfil13 -->
</testsuite> <!-- DocumentosCancelados.cancelarDocumentoPorPerfil -->
