<?xml version="1.0" encoding="UTF-8"?>
<!-- Generated by org.testng.reporters.JUnitReportReporter -->
<testsuite ignored="4" hostname="LAPTOP-PPH753GQ" failures="0" tests="1" name="Invitados.FirmaUsuarioInvitado8" time="21.076" errors="0" timestamp="02 ago. 2021 21:25:34 GMT" skipped="0">
  <testcase classname="Invitados.FirmaUsuarioInvitado8" name="IngresarFirmaBiometricaDiferentee" time="21.076"/>
  <testcase classname="Invitados.FirmaUsuarioInvitado8" name="FirmarDocumentoCorrectamente">
    <skipped/>
  </testcase> <!-- FirmarDocumentoCorrectamente -->
  <testcase classname="Invitados.FirmaUsuarioInvitado8" name="PrecertificarInvitado8">
    <skipped/>
  </testcase> <!-- PrecertificarInvitado8 -->
  <testcase classname="Invitados.FirmaUsuarioInvitado8" name="ValidarQueSubaDocPerfil8">
    <skipped/>
  </testcase> <!-- ValidarQueSubaDocPerfil8 -->
  <testcase classname="Invitados.FirmaUsuarioInvitado8" name="IngresarNombreIncorrecto">
    <skipped/>
  </testcase> <!-- IngresarNombreIncorrecto -->
</testsuite> <!-- Invitados.FirmaUsuarioInvitado8 -->
