<?xml version="1.0" encoding="UTF-8"?>
<!-- Generated by org.testng.reporters.JUnitReportReporter -->
<testsuite ignored="0" hostname="LAPTOP-PPH753GQ" failures="0" tests="6" name="LoginPrecertificacionBloqueo.PrecertificacionP8" time="49.766" errors="0" timestamp="21 jul. 2021 19:05:03 GMT" skipped="0">
  <testcase classname="LoginPrecertificacionBloqueo.PrecertificacionP8" name="clavesNuevasDferentes" time="9.208"/>
  <testcase classname="LoginPrecertificacionBloqueo.PrecertificacionP8" name="claveActualIncorrecta" time="10.148"/>
  <testcase classname="LoginPrecertificacionBloqueo.PrecertificacionP8" name="dejarCamposVacios" time="8.236"/>
  <testcase classname="LoginPrecertificacionBloqueo.PrecertificacionP8" name="sinFirmaBiometrica" time="7.411"/>
  <testcase classname="LoginPrecertificacionBloqueo.PrecertificacionP8" name="precertificacion4HP" time="4.905"/>
  <testcase classname="LoginPrecertificacionBloqueo.PrecertificacionP8" name="ClaveQueNoCumplaParametros" time="9.858"/>
</testsuite> <!-- LoginPrecertificacionBloqueo.PrecertificacionP8 -->
