<?xml version="1.0" encoding="UTF-8"?>
<!-- Generated by org.testng.reporters.JUnitReportReporter -->
<testsuite ignored="4" hostname="LAPTOP-PPH753GQ" failures="0" tests="1" name="Invitados.agregarInvitadoP14" time="22.852" errors="0" timestamp="02 ago. 2021 22:23:42 GMT" skipped="0">
  <testcase classname="Invitados.agregarInvitadoP14" name="FirmaDeNuevoInvitado14ConLlavesExternas" time="22.852"/>
  <testcase classname="Invitados.agregarInvitadoP14" name="FirmarDocumentosDeIniciadorYDespuesPerfil14">
    <skipped/>
  </testcase> <!-- FirmarDocumentosDeIniciadorYDespuesPerfil14 -->
  <testcase classname="Invitados.agregarInvitadoP14" name="AgregarOtroDoc14">
    <skipped/>
  </testcase> <!-- AgregarOtroDoc14 -->
  <testcase classname="Invitados.agregarInvitadoP14" name="PrecertificarInvitado14">
    <skipped/>
  </testcase> <!-- PrecertificarInvitado14 -->
  <testcase classname="Invitados.agregarInvitadoP14" name="AgregarUsuarioInvitadoP9Nuevo">
    <skipped/>
  </testcase> <!-- AgregarUsuarioInvitadoP9Nuevo -->
</testsuite> <!-- Invitados.agregarInvitadoP14 -->
