<?xml version="1.0" encoding="UTF-8"?>
<!-- Generated by org.testng.reporters.JUnitReportReporter -->
<testsuite ignored="0" hostname="LAPTOP-PPH753GQ" failures="0" tests="6" name="DocumentosPendientes.FirmaPerfil13" time="0.009" errors="0" timestamp="03 ago. 2021 15:29:05 GMT" skipped="6">
  <testcase classname="DocumentosPendientes.FirmaPerfil13" name="ingresarClaveIncorrecta" time="0.001">
    <skipped/>
  </testcase> <!-- ingresarClaveIncorrecta -->
  <testcase classname="DocumentosPendientes.FirmaPerfil13" name="FirmaPerfil13HP" time="0.003">
    <skipped/>
  </testcase> <!-- FirmaPerfil13HP -->
  <testcase classname="DocumentosPendientes.FirmaPerfil13" name="sinIngresarEmail" time="0.001">
    <skipped/>
  </testcase> <!-- sinIngresarEmail -->
  <testcase classname="DocumentosPendientes.FirmaPerfil13" name="ingresarEmailInvalido" time="0.001">
    <skipped/>
  </testcase> <!-- ingresarEmailInvalido -->
  <testcase classname="DocumentosPendientes.FirmaPerfil13" name="sinIngresarClave" time="0.002">
    <skipped/>
  </testcase> <!-- sinIngresarClave -->
  <testcase classname="DocumentosPendientes.FirmaPerfil13" name="firmarConEmailHP" time="0.001">
    <skipped/>
  </testcase> <!-- firmarConEmailHP -->
</testsuite> <!-- DocumentosPendientes.FirmaPerfil13 -->
