<?xml version="1.0" encoding="UTF-8"?>
<!-- Generated by org.testng.reporters.JUnitReportReporter -->
<testsuite ignored="3" hostname="LAPTOP-PPH753GQ" failures="0" tests="1" name="Invitados.agregarInvitadoP8" time="5.585" errors="0" timestamp="02 ago. 2021 20:47:31 GMT" skipped="0">
  <testcase classname="Invitados.agregarInvitadoP8" name="PrecertificarInvitado8" time="5.585"/>
  <testcase classname="Invitados.agregarInvitadoP8" name="AgregarUsuarioInvitadoNuevo">
    <skipped/>
  </testcase> <!-- AgregarUsuarioInvitadoNuevo -->
  <testcase classname="Invitados.agregarInvitadoP8" name="FirmarDocumentosDeIniciadorYDespuesPerfil8">
    <skipped/>
  </testcase> <!-- FirmarDocumentosDeIniciadorYDespuesPerfil8 -->
  <testcase classname="Invitados.agregarInvitadoP8" name="AgregarOtroDoc8">
    <skipped/>
  </testcase> <!-- AgregarOtroDoc8 -->
</testsuite> <!-- Invitados.agregarInvitadoP8 -->
