<?xml version="1.0" encoding="UTF-8"?>
<!-- Generated by org.testng.reporters.JUnitReportReporter -->
<testsuite name="DocumentosCancelados.CancelarDocumentoHP" tests="3" time="69.947" ignored="0" failures="0" timestamp="21 jul 2021 19:03:01 GMT" skipped="0" hostname="LAPTOP-PPH753GQ" errors="0">
  <testcase name="cancelarDocumentoHappyPath" time="35.444" classname="DocumentosCancelados.CancelarDocumentoHP"/>
  <testcase name="ingresarMotivoDeCancelacionConCaracteresEspeciales" time="13.999" classname="DocumentosCancelados.CancelarDocumentoHP"/>
  <testcase name="sinIngresarMotivoDeCancelacion" time="20.504" classname="DocumentosCancelados.CancelarDocumentoHP"/>
</testsuite> <!-- DocumentosCancelados.CancelarDocumentoHP -->
