<?xml version="1.0" encoding="UTF-8"?>
<!-- Generated by org.testng.reporters.JUnitReportReporter -->
<testsuite name="LoginPrecertificacionBloqueo.precertificacionPerfil4" tests="7" time="56.147" ignored="0" failures="0" timestamp="21 jul 2021 19:03:01 GMT" skipped="0" hostname="LAPTOP-PPH753GQ" errors="0">
  <testcase name="ingresarClavePrivadaSinParametros" time="10.003" classname="LoginPrecertificacionBloqueo.precertificacionPerfil4"/>
  <testcase name="ingresarClaveNuevaSinParametros" time="9.489" classname="LoginPrecertificacionBloqueo.precertificacionPerfil4"/>
  <testcase name="ingresarClaveActualIncorrecta" time="11.779" classname="LoginPrecertificacionBloqueo.precertificacionPerfil4"/>
  <testcase name="precertificacion4HP" time="2.108" classname="LoginPrecertificacionBloqueo.precertificacionPerfil4"/>
  <testcase name="ingresarClavesDeLlavePrivadaDiferentes" time="7.527" classname="LoginPrecertificacionBloqueo.precertificacionPerfil4"/>
  <testcase name="ingresarClavesNuevasDiferentes" time="7.148" classname="LoginPrecertificacionBloqueo.precertificacionPerfil4"/>
  <testcase name="dejarCamposVacios" time="8.093" classname="LoginPrecertificacionBloqueo.precertificacionPerfil4"/>
</testsuite> <!-- LoginPrecertificacionBloqueo.precertificacionPerfil4 -->
